<?xml version="1.0" encoding="UTF-8"?>
<!-- Generated by org.testng.reporters.JUnitReportReporter -->
<testsuite hostname="DESKTOP-MSJJ4LU" failures="0" tests="3" name="testNG.Test6" time="0.053" errors="0" timestamp="2022-09-02T18:56:06 IST" skipped="0">
  <testcase classname="testNG.Test6" name="b" time="0.014"/>
  <system-out/>
  <testcase classname="testNG.Test6" name="c" time="0.005"/>
  <system-out/>
  <testcase classname="testNG.Test6" name="a" time="0.034"/>
  <system-out/>
</testsuite> <!-- testNG.Test6 -->
