<?xml version="1.0" encoding="UTF-8"?>
<!-- Generated by org.testng.reporters.JUnitReportReporter -->
<testsuite hostname="DESKTOP-MSJJ4LU" failures="0" tests="1" name="failed_test_case_screenshot.B_CaptureScreenshot" time="16.661" errors="0" timestamp="2022-08-23T20:02:25 IST" skipped="0">
  <testcase classname="failed_test_case_screenshot.B_CaptureScreenshot" name="CaptureScreenshot" time="16.661"/>
  <system-out/>
</testsuite> <!-- failed_test_case_screenshot.B_CaptureScreenshot -->
