<?xml version="1.0" encoding="UTF-8"?>
<!-- Generated by org.testng.reporters.JUnitReportReporter -->
<testsuite hostname="DESKTOP-MSJJ4LU" failures="0" tests="1" name="testNG.InvocationCount" time="0.038" errors="0" timestamp="2022-09-02T18:53:23 IST" skipped="0">
  <testcase classname="testNG.InvocationCount" name="a" time="0.038"/>
  <system-out/>
</testsuite> <!-- testNG.InvocationCount -->
