<?xml version="1.0" encoding="UTF-8"?>
<!-- Generated by org.testng.reporters.JUnitReportReporter -->
<testsuite hostname="DESKTOP-MSJJ4LU" failures="0" tests="2" name="testNG.Test4" time="0.067" errors="0" timestamp="2022-09-12T13:27:37 IST" skipped="0">
  <testcase classname="testNG.Test4" name="h" time="0.021"/>
  <system-out/>
  <testcase classname="testNG.Test4" name="g" time="0.046"/>
  <system-out/>
</testsuite> <!-- testNG.Test4 -->
