<?xml version="1.0" encoding="UTF-8"?>
<!-- Generated by org.testng.reporters.JUnitReportReporter -->
<testsuite hostname="DESKTOP-MSJJ4LU" failures="0" tests="4" name="testNG.Test5" time="0.053" errors="0" timestamp="2022-08-21T18:46:08 IST" skipped="0">
  <testcase classname="testNG.Test5" name="d" time="0.004"/>
  <system-out/>
  <testcase classname="testNG.Test5" name="a" time="0.039"/>
  <system-out/>
  <testcase classname="testNG.Test5" name="e" time="0.006"/>
  <system-out/>
  <testcase classname="testNG.Test5" name="b" time="0.004"/>
  <system-out/>
</testsuite> <!-- testNG.Test5 -->
