<?xml version="1.0" encoding="UTF-8"?>
<!-- Generated by org.testng.reporters.JUnitReportReporter -->
<testsuite hostname="DESKTOP-MSJJ4LU" failures="0" tests="3" name="testNG.before_after" time="0.107" errors="0" timestamp="2022-09-12T13:27:37 IST" skipped="0">
  <testcase classname="testNG.before_after" name="b" time="0.010"/>
  <system-out/>
  <testcase classname="testNG.before_after" name="a" time="0.062"/>
  <system-out/>
  <testcase classname="testNG.before_after" name="c" time="0.035"/>
  <system-out/>
</testsuite> <!-- testNG.before_after -->
