<?xml version="1.0" encoding="UTF-8"?>
<!-- Generated by org.testng.reporters.JUnitReportReporter -->
<testsuite hostname="DESKTOP-MSJJ4LU" failures="0" tests="2" name="testNG.Test3" time="0.030" errors="0" timestamp="2022-09-12T13:27:37 IST" skipped="0">
  <testcase classname="testNG.Test3" name="e" time="0.015"/>
  <system-out/>
  <testcase classname="testNG.Test3" name="f" time="0.015"/>
  <system-out/>
</testsuite> <!-- testNG.Test3 -->
